This is LuaHBTeX, Version 1.13.0 (Web2C 2021/nixos.org)  (format=lualatex 1980.1.1)  3 MAR 2023 23:48
 system commands enabled.
**lab.tex
(./lab.tex
LaTeX2e <2021-11-15> patch level 1
Lua module: luaotfload 2022-03-18 3.21 Lua based OpenType font support
Lua module: lualibs 2021-05-20 2.74 ConTeXt Lua standard libraries.
Lua module: lualibs-extended 2021-05-20 2.74 ConTeXt Lua libraries -- extended c
ollection.
luaotfload | conf : Root cache directory is "/home/yurii/.texlive2021/texmf-var/
luatex-cache/generic/names".
luaotfload | init : Loading fontloader "fontloader-2022-02-24.lua" from kpse-res
olved path "/nix/store/bzxs6pkiwwpbp215w3lbdl24z9j6cmlp-texlive-combined-full-20
21-final/share/texmf/tex/luatex/luaotfload/fontloader-2022-02-24.lua".
Lua-only attribute luaotfload@noligature = 1
luaotfload | init : Context OpenType loader version 3.119
Inserting `luaotfload.node_processor' at position 1 in `pre_linebreak_filter'.
Inserting `luaotfload.node_processor' at position 1 in `hpack_filter'.
Inserting `luaotfload.glyph_stream' at position 1 in `glyph_stream_provider'.
Inserting `luaotfload.define_font' at position 1 in `define_font'.
Lua-only attribute luaotfload_color_attribute = 2
luaotfload | conf : Root cache directory is "/home/yurii/.texlive2021/texmf-var/
luatex-cache/generic/names".
Inserting `luaotfload.harf.strip_prefix' at position 1 in `find_opentype_file'.
Inserting `luaotfload.harf.strip_prefix' at position 1 in `find_truetype_file'.
Removing  `luaotfload.glyph_stream' from `glyph_stream_provider'.
Inserting `luaotfload.harf.glyphstream' at position 1 in `glyph_stream_provider'
.
Inserting `luaotfload.harf.finalize_vlist' at position 1 in `post_linebreak_filt
er'.
Inserting `luaotfload.harf.finalize_hlist' at position 2 in `hpack_filter'.
Inserting `luaotfload.cleanup_files' at position 1 in `wrapup_run'.
Inserting `luaotfload.harf.finalize_unicode' at position 1 in `finish_pdffile'.
Inserting `luaotfload.glyphinfo' at position 1 in `glyph_info'.
Lua-only attribute luaotfload.letterspace_done = 3
Inserting `luaotfload.aux.set_sscale_dimens' at position 1 in `luaotfload.patch_
font'.
Inserting `luaotfload.aux.set_font_index' at position 2 in `luaotfload.patch_fon
t'.
Inserting `luaotfload.aux.patch_cambria_domh' at position 3 in `luaotfload.patch
_font'.
Inserting `luaotfload.aux.fixup_fontdata' at position 1 in `luaotfload.patch_fon
t_unsafe'.
Inserting `luaotfload.aux.set_capheight' at position 4 in `luaotfload.patch_font
'.
Inserting `luaotfload.aux.set_xheight' at position 5 in `luaotfload.patch_font'.
Inserting `luaotfload.rewrite_fontname' at position 6 in `luaotfload.patch_font'
. L3 programming layer <2022-02-24>
Inserting `tracingstacklevels' at position 1 in `input_level_string'.
(/nix/store/bzxs6pkiwwpbp215w3lbdl24z9j6cmlp-texlive-combined-full-2021-final/s
hare/texmf/tex/latex/base/article.cls
Document Class: article 2021/10/04 v1.4n Standard LaTeX document class

(/nix/store/bzxs6pkiwwpbp215w3lbdl24z9j6cmlp-texlive-combined-full-2021-final/s
hare/texmf/tex/latex/base/size10.clo
File: size10.clo 2021/10/04 v1.4n Standard LaTeX file (size option)
luaotfload | db : Font names database loaded from /home/yurii/.texlive2021/texmf
-var/luatex-cache/generic/names/luaotfload-names.luc.gz
luaotfload | db : Reload initiated (formats: otf,ttf,ttc); reason: File not foun
d: "lmroman10-regular".)
\c@part=\count183
\c@section=\count184
\c@subsection=\count185
\c@subsubsection=\count186
\c@paragraph=\count187
\c@subparagraph=\count188
\c@figure=\count189
\c@table=\count190
\abovecaptionskip=\skip47
\belowcaptionskip=\skip48
\bibindent=\dimen137
)
(/nix/store/bzxs6pkiwwpbp215w3lbdl24z9j6cmlp-texlive-combined-full-2021-final/s
hare/texmf/tex/latex/geometry/geometry.sty
Package: geometry 2020/01/02 v5.9 Page Geometry

(/nix/store/bzxs6pkiwwpbp215w3lbdl24z9j6cmlp-texlive-combined-full-2021-final/s
hare/texmf/tex/latex/graphics/keyval.sty
Package: keyval 2014/10/28 v1.15 key=value parser (DPC)
\KV@toks@=\toks16
)
(/nix/store/bzxs6pkiwwpbp215w3lbdl24z9j6cmlp-texlive-combined-full-2021-final/s
hare/texmf/tex/generic/iftex/ifvtex.sty
Package: ifvtex 2019/10/25 v1.7 ifvtex legacy package. Use iftex instead.

(/nix/store/bzxs6pkiwwpbp215w3lbdl24z9j6cmlp-texlive-combined-full-2021-final/s
hare/texmf/tex/generic/iftex/iftex.sty
Package: iftex 2022/02/03 v1.0f TeX engine tests
))
\Gm@cnth=\count191
\Gm@cntv=\count192
\c@Gm@tempcnt=\count193
\Gm@bindingoffset=\dimen138
\Gm@wd@mp=\dimen139
\Gm@odd@mp=\dimen140
\Gm@even@mp=\dimen141
\Gm@layoutwidth=\dimen142
\Gm@layoutheight=\dimen143
\Gm@layouthoffset=\dimen144
\Gm@layoutvoffset=\dimen145
\Gm@dimlist=\toks17
)
(/nix/store/bzxs6pkiwwpbp215w3lbdl24z9j6cmlp-texlive-combined-full-2021-final/s
hare/texmf/tex/latex/fontsize/fontsize.sty
Package: fontsize 2021/08/04 v0.8.5 'fontsize' package. Set main font sizes (Iv
an Valbusa)

(/nix/store/bzxs6pkiwwpbp215w3lbdl24z9j6cmlp-texlive-combined-full-2021-final/s
hare/texmf/tex/latex/xkeyval/xkeyval.sty
Package: xkeyval 2020/11/20 v2.8 package option processing (HA)

(/nix/store/bzxs6pkiwwpbp215w3lbdl24z9j6cmlp-texlive-combined-full-2021-final/s
hare/texmf/tex/generic/xkeyval/xkeyval.tex
(/nix/store/bzxs6pkiwwpbp215w3lbdl24z9j6cmlp-texlive-combined-full-2021-final/s
hare/texmf/tex/generic/xkeyval/xkvutils.tex
\XKV@toks=\toks18
\XKV@tempa@toks=\toks19
)
\XKV@depth=\count194
File: xkeyval.tex 2014/12/03 v2.7a key=value parser (HA)
))
(/nix/store/bzxs6pkiwwpbp215w3lbdl24z9j6cmlp-texlive-combined-full-2021-final/s
hare/texmf/tex/latex/l3packages/xfp/xfp.sty
(/nix/store/bzxs6pkiwwpbp215w3lbdl24z9j6cmlp-texlive-combined-full-2021-final/s
hare/texmf/tex/latex/l3kernel/expl3.sty
Package: expl3 2022-02-24 L3 programming layer (loader) 

(/nix/store/bzxs6pkiwwpbp215w3lbdl24z9j6cmlp-texlive-combined-full-2021-final/s
hare/texmf/tex/latex/l3backend/l3backend-luatex.def
File: l3backend-luatex.def 2022-02-07 L3 backend support: PDF output (LuaTeX)
\l__color_backend_stack_int=\count195
\l__pdf_internal_box=\box50
))
Package: xfp 2022-01-12 L3 Floating point unit
))
(/nix/store/bzxs6pkiwwpbp215w3lbdl24z9j6cmlp-texlive-combined-full-2021-final/s
hare/texmf/tex/latex/minted/minted.sty
Package: minted 2021/12/24 v2.6 Yet another Pygments shim for LaTeX

(/nix/store/bzxs6pkiwwpbp215w3lbdl24z9j6cmlp-texlive-combined-full-2021-final/s
hare/texmf/tex/latex/kvoptions/kvoptions.sty
Package: kvoptions 2020-10-07 v3.14 Key value format for package options (HO)

(/nix/store/bzxs6pkiwwpbp215w3lbdl24z9j6cmlp-texlive-combined-full-2021-final/s
hare/texmf/tex/generic/ltxcmds/ltxcmds.sty
Package: ltxcmds 2020-05-10 v1.25 LaTeX kernel commands for general use (HO)
)
(/nix/store/bzxs6pkiwwpbp215w3lbdl24z9j6cmlp-texlive-combined-full-2021-final/s
hare/texmf/tex/generic/kvsetkeys/kvsetkeys.sty
Package: kvsetkeys 2019/12/15 v1.18 Key value parser (HO)
))
(/nix/store/bzxs6pkiwwpbp215w3lbdl24z9j6cmlp-texlive-combined-full-2021-final/s
hare/texmf/tex/latex/fvextra/fvextra.sty
Package: fvextra 2019/02/04 v1.4 fvextra - extensions and patches for fancyvrb

(/nix/store/bzxs6pkiwwpbp215w3lbdl24z9j6cmlp-texlive-combined-full-2021-final/s
hare/texmf/tex/latex/base/ifthen.sty
Package: ifthen 2020/11/24 v1.1c Standard LaTeX ifthen package (DPC)
)
(/nix/store/bzxs6pkiwwpbp215w3lbdl24z9j6cmlp-texlive-combined-full-2021-final/s
hare/texmf/tex/latex/etoolbox/etoolbox.sty
Package: etoolbox 2020/10/05 v2.5k e-TeX tools for LaTeX (JAW)
\etb@tempcnta=\count196
)
(/nix/store/bzxs6pkiwwpbp215w3lbdl24z9j6cmlp-texlive-combined-full-2021-final/s
hare/texmf/tex/latex/fancyvrb/fancyvrb.sty
Package: fancyvrb 2021/12/21 4.1b verbatim text (tvz,hv)
\FV@CodeLineNo=\count197
\FV@InFile=\read2
\FV@TabBox=\box51
\c@FancyVerbLine=\count198
\FV@StepNumber=\count199
\FV@OutFile=\write3
)
(/nix/store/bzxs6pkiwwpbp215w3lbdl24z9j6cmlp-texlive-combined-full-2021-final/s
hare/texmf/tex/latex/upquote/upquote.sty
Package: upquote 2012/04/19 v1.3 upright-quote and grave-accent glyphs in verba
tim

(/nix/store/bzxs6pkiwwpbp215w3lbdl24z9j6cmlp-texlive-combined-full-2021-final/s
hare/texmf/tex/latex/base/textcomp.sty
Package: textcomp 2020/02/02 v2.0n Standard LaTeX package
))
(/nix/store/bzxs6pkiwwpbp215w3lbdl24z9j6cmlp-texlive-combined-full-2021-final/s
hare/texmf/tex/latex/lineno/lineno.sty
Package: lineno 2005/11/02 line numbers on paragraphs v4.41
\linenopenalty=\count266
\output=\toks20
\linenoprevgraf=\count267
\linenumbersep=\dimen146
\linenumberwidth=\dimen147
\c@linenumber=\count268
\c@pagewiselinenumber=\count269
\c@LN@truepage=\count270
\c@internallinenumber=\count271
\c@internallinenumbers=\count272
\quotelinenumbersep=\dimen148
\bframerule=\dimen149
\bframesep=\dimen150
\bframebox=\box52
LaTeX Info: Redefining \\ on input line 3056.
)
\c@FV@TrueTabGroupLevel=\count273
\c@FV@TrueTabCounter=\count274
\FV@TabBox@Group=\box53
\FV@TmpLength=\skip49
\c@FV@HighlightLinesStart=\count275
\c@FV@HighlightLinesStop=\count276
\FV@LoopCount=\count277
\FV@NCharsBox=\box54
\FV@BreakIndent=\dimen151
\FV@BreakIndentNChars=\count278
\FV@BreakSymbolSepLeft=\dimen152
\FV@BreakSymbolSepLeftNChars=\count279
\FV@BreakSymbolSepRight=\dimen153
\FV@BreakSymbolSepRightNChars=\count280
\FV@BreakSymbolIndentLeft=\dimen154
\FV@BreakSymbolIndentLeftNChars=\count281
\FV@BreakSymbolIndentRight=\dimen155
\FV@BreakSymbolIndentRightNChars=\count282
\c@FancyVerbLineBreakLast=\count283
\FV@LineBox=\box55
\FV@LineIndentBox=\box56
\FV@LineWidth=\dimen156
)
(/nix/store/bzxs6pkiwwpbp215w3lbdl24z9j6cmlp-texlive-combined-full-2021-final/s
hare/texmf/tex/latex/tools/calc.sty
Package: calc 2017/05/25 v4.3 Infix arithmetic (KKT,FJ)
\calc@Acount=\count284
\calc@Bcount=\count285
\calc@Adimen=\dimen157
\calc@Bdimen=\dimen158
\calc@Askip=\skip50
\calc@Bskip=\skip51
LaTeX Info: Redefining \setlength on input line 80.
LaTeX Info: Redefining \addtolength on input line 81.
\calc@Ccount=\count286
\calc@Cskip=\skip52
)
(/nix/store/bzxs6pkiwwpbp215w3lbdl24z9j6cmlp-texlive-combined-full-2021-final/s
hare/texmf/tex/latex/tools/shellesc.sty
Package: shellesc 2019/11/08 v1.0c unified shell escape interface for LaTeX
Package shellesc Info: Unrestricted shell escape enabled on input line 75.
)
(/nix/store/bzxs6pkiwwpbp215w3lbdl24z9j6cmlp-texlive-combined-full-2021-final/s
hare/texmf/tex/latex/ifplatform/ifplatform.sty
Package: ifplatform 2017/10/13 v0.4a Testing for the operating system

(/nix/store/bzxs6pkiwwpbp215w3lbdl24z9j6cmlp-texlive-combined-full-2021-final/s
hare/texmf/tex/generic/pdftexcmds/pdftexcmds.sty
Package: pdftexcmds 2020-06-27 v0.33 Utility functions of pdfTeX for LuaTeX (HO
)

(/nix/store/bzxs6pkiwwpbp215w3lbdl24z9j6cmlp-texlive-combined-full-2021-final/s
hare/texmf/tex/generic/infwarerr/infwarerr.sty
Package: infwarerr 2019/12/03 v1.5 Providing info/warning/error messages (HO)
)
Package pdftexcmds Info: \pdf@primitive is available.
Package pdftexcmds Info: \pdf@ifprimitive is available.
Package pdftexcmds Info: \pdfdraftmode found.
\pdftexcmds@toks=\toks21
)
(/nix/store/bzxs6pkiwwpbp215w3lbdl24z9j6cmlp-texlive-combined-full-2021-final/s
hare/texmf/tex/generic/catchfile/catchfile.sty
Package: catchfile 2019/12/09 v1.8 Catch the contents of a file (HO)

(/nix/store/bzxs6pkiwwpbp215w3lbdl24z9j6cmlp-texlive-combined-full-2021-final/s
hare/texmf/tex/generic/etexcmds/etexcmds.sty
Package: etexcmds 2019/12/15 v1.7 Avoid name clashes with e-TeX commands (HO)
))
(/nix/store/bzxs6pkiwwpbp215w3lbdl24z9j6cmlp-texlive-combined-full-2021-final/s
hare/texmf/tex/generic/iftex/ifluatex.sty
Package: ifluatex 2019/10/25 v1.5 ifluatex legacy package. Use iftex instead.
)
runsystem(uname -s > "lab.w18")...executed
 (./lab.w18)
runsystem(rm -- "lab.w18")...executed
)
(/nix/store/bzxs6pkiwwpbp215w3lbdl24z9j6cmlp-texlive-combined-full-2021-final/s
hare/texmf/tex/generic/xstring/xstring.sty
(/nix/store/bzxs6pkiwwpbp215w3lbdl24z9j6cmlp-texlive-combined-full-2021-final/s
hare/texmf/tex/generic/xstring/xstring.tex
\integerpart=\count287
\decimalpart=\count288
)
Package: xstring 2021/07/21 v1.84 String manipulations (CT)
)
(/nix/store/bzxs6pkiwwpbp215w3lbdl24z9j6cmlp-texlive-combined-full-2021-final/s
hare/texmf/tex/latex/framed/framed.sty
Package: framed 2011/10/22 v 0.96: framed or shaded text with page breaks
\OuterFrameSep=\skip53
\fb@frw=\dimen159
\fb@frh=\dimen160
\FrameRule=\dimen161
\FrameSep=\dimen162
)
(/nix/store/bzxs6pkiwwpbp215w3lbdl24z9j6cmlp-texlive-combined-full-2021-final/s
hare/texmf/tex/latex/float/float.sty
Package: float 2001/11/08 v1.3d Float enhancements (AL)
\c@float@type=\count289
\float@exts=\toks22
\float@box=\box57
\@float@everytoks=\toks23
\@floatcapt=\box58
)
\minted@appexistsfile=\read3
\minted@bgbox=\box59
\minted@code=\write4
\c@minted@FancyVerbLineTemp=\count290
\c@minted@pygmentizecounter=\count291
\@float@every@listing=\toks24
\c@listing=\count292
)
runsystem(mkdir -p _minted-lab)...executed

(/nix/store/bzxs6pkiwwpbp215w3lbdl24z9j6cmlp-texlive-combined-full-2021-final/s
hare/texmf/tex/latex/base/fontenc.sty
Package: fontenc 2021/04/29 v2.0v Standard LaTeX package

(/nix/store/bzxs6pkiwwpbp215w3lbdl24z9j6cmlp-texlive-combined-full-2021-final/s
hare/texmf/tex/latex/cyrillic/t2aenc.def
File: t2aenc.def 2005/09/27 v1.0i Cyrillic encoding definition file
)
LaTeX Font Info:    Trying to load font information for T2A+lmr on input line 1
12.
LaTeX Font Info:    No file T2Almr.fd. on input line 112.
LaTeX Font Info:    Trying to load font information for T2A+cmr on input line 1
12.

(/nix/store/bzxs6pkiwwpbp215w3lbdl24z9j6cmlp-texlive-combined-full-2021-final/s
hare/texmf/tex/latex/cyrillic/t2acmr.fd
File: t2acmr.fd 2001/08/11 v1.0a Computer Modern Cyrillic font definitions
)

LaTeX Font Warning: Font shape `T2A/lmr/m/n' undefined
(Font)              using `T2A/cmr/m/n' instead on input line 112.

)
(/nix/store/bzxs6pkiwwpbp215w3lbdl24z9j6cmlp-texlive-combined-full-2021-final/s
hare/texmf/tex/latex/base/inputenc.sty
Package: inputenc 2021/02/14 v1.3d Input encoding file
\inpenc@prehook=\toks25
\inpenc@posthook=\toks26


Package inputenc Warning: inputenc package ignored with utf8 based engines.

)
(/nix/store/bzxs6pkiwwpbp215w3lbdl24z9j6cmlp-texlive-combined-full-2021-final/s
hare/texmf/tex/generic/babel/babel.sty
Package: babel 2022/02/26 3.73 The Babel package

(/nix/store/bzxs6pkiwwpbp215w3lbdl24z9j6cmlp-texlive-combined-full-2021-final/s
hare/texmf/tex/generic/babel/luababel.def
\bbl@readstream=\read4
\l@dumylang=\language2
Package babel Info: Non-standard hyphenation setup on input line 118.
\l@nohyphenation=\language3
\l@german-x-2022-03-16=\language4
\l@ngerman-x-2022-03-16=\language5
\l@afrikaans=\language6
\l@ancientgreek=\language7
\l@ibycus=\language8
\l@arabic=\language9
\l@armenian=\language10
\l@basque=\language11
\l@belarusian=\language12
\l@bulgarian=\language13
\l@catalan=\language14
\l@pinyin=\language15
\l@churchslavonic=\language16
\l@coptic=\language17
\l@croatian=\language18
\l@czech=\language19
\l@danish=\language20
\l@dutch=\language21
\l@ukenglish=\language22
\l@usenglishmax=\language23
\l@esperanto=\language24
\l@estonian=\language25
\l@ethiopic=\language26
\l@farsi=\language27
\l@finnish=\language28
\l@schoolfinnish=\language29
\l@french=\language30
\l@friulan=\language31
\l@galician=\language32
\l@georgian=\language33
\l@german=\language34
\l@ngerman=\language35
\l@swissgerman=\language36
\l@greek=\language37
\l@monogreek=\language38
\l@hungarian=\language39
\l@icelandic=\language40
\l@assamese=\language41
\l@bengali=\language42
\l@gujarati=\language43
\l@hindi=\language44
\l@kannada=\language45
\l@malayalam=\language46
\l@marathi=\language47
\l@oriya=\language48
\l@pali=\language49
\l@panjabi=\language50
\l@tamil=\language51
\l@telugu=\language52
\l@indonesian=\language53
\l@interlingua=\language54
\l@irish=\language55
\l@italian=\language56
\l@kurmanji=\language57
\l@classiclatin=\language58
\l@latin=\language59
\l@liturgicallatin=\language60
\l@latvian=\language61
\l@lithuanian=\language62
\l@macedonian=\language63
\l@mongolian=\language64
\l@mongolianlmc=\language65
\l@bokmal=\language66
\l@nynorsk=\language67
\l@occitan=\language68
\l@piedmontese=\language69
\l@polish=\language70
\l@portuguese=\language71
\l@romanian=\language72
\l@romansh=\language73
\l@russian=\language74
\l@sanskrit=\language75
\l@serbian=\language76
\l@serbianc=\language77
\l@slovak=\language78
\l@slovenian=\language79
\l@spanish=\language80
\l@swedish=\language81
\l@thai=\language82
\l@turkish=\language83
\l@turkmen=\language84
\l@ukrainian=\language85
\l@uppersorbian=\language86
\l@welsh=\language87
\babelcatcodetablenum=\catcodetable12
\bbl@pattcodes=\catcodetable13
)
\babel@savecnt=\count293
\U@D=\dimen163
\l@unhyphenated=\language88

(/nix/store/bzxs6pkiwwpbp215w3lbdl24z9j6cmlp-texlive-combined-full-2021-final/s
hare/texmf/tex/generic/babel/luababel.def
\bbl@attr@locale=\attribute4
)
(/nix/store/bzxs6pkiwwpbp215w3lbdl24z9j6cmlp-texlive-combined-full-2021-final/s
hare/texmf/tex/generic/babel-english/english.ldf
Language: english 2017/06/06 v3.3r English support from the babel system
Package babel Info: Hyphen rules for 'canadian' set to \l@english
(babel)             (\language0). Reported on input line 102.
Package babel Info: Hyphen rules for 'australian' set to \l@ukenglish
(babel)             (\language22). Reported on input line 105.
Package babel Info: Hyphen rules for 'newzealand' set to \l@ukenglish
(babel)             (\language22). Reported on input line 108.
)
(/nix/store/bzxs6pkiwwpbp215w3lbdl24z9j6cmlp-texlive-combined-full-2021-final/s
hare/texmf/tex/generic/babel-russian/russianb.ldf
File: russianb.ldf 2021/01/10 1.3m Russian support for the Babel system
Language: russian 2020/09/09 1.3k Russian support for the Babel system
Package babel Info: Making " an active character on input line 124.
Package babel Info: Default for \cyrdash is provided on input line 163.

(/nix/store/bzxs6pkiwwpbp215w3lbdl24z9j6cmlp-texlive-combined-full-2021-final/s
hare/texmf/tex/generic/hyph-utf8/loadhyph/loadhyph-ru.tex
UTF-8 Russian hyphenation patterns
(/nix/store/bzxs6pkiwwpbp215w3lbdl24z9j6cmlp-texlive-combined-full-2021-final/s
hare/texmf/tex/generic/hyph-utf8/patterns/tex/hyph-ru.tex)))
(/nix/store/bzxs6pkiwwpbp215w3lbdl24z9j6cmlp-texlive-combined-full-2021-final/s
hare/texmf/tex/generic/babel-ukrainian/ukraineb.ldf
File: ukraineb.ldf 2020/10/14 1.4e Ukrainian support for the Babel system
LaTeX Info: Redefining \cyrillictext on input line 84.
LaTeX Info: Redefining \textcyrillic on input line 96.
Package babel Info: Default for \cyrdash is provided on input line 142.
Package ukrainian.ldf Info: Executing the 3.9 or latter on input line 148.
Package ukrainian.ldf Info: Executing the post 3.9 branch for dates on input li
ne 226.

(/nix/store/bzxs6pkiwwpbp215w3lbdl24z9j6cmlp-texlive-combined-full-2021-final/s
hare/texmf/tex/generic/hyph-utf8/loadhyph/loadhyph-uk.tex
UTF-8 Ukrainian hyphenation patterns
(/nix/store/bzxs6pkiwwpbp215w3lbdl24z9j6cmlp-texlive-combined-full-2021-final/s
hare/texmf/tex/generic/hyph-utf8/patterns/tex/hyph-uk.tex)
(/nix/store/bzxs6pkiwwpbp215w3lbdl24z9j6cmlp-texlive-combined-full-2021-final/s
hare/texmf/tex/generic/hyph-utf8/patterns/quote/hyph-quote-uk.tex))))
(/nix/store/bzxs6pkiwwpbp215w3lbdl24z9j6cmlp-texlive-combined-full-2021-final/s
hare/texmf/tex/latex/hyphenat/hyphenat.sty
Package: hyphenat 2009/09/02 v2.3c hyphenation utilities
\langwohyphens=\language89
LaTeX Info: Redefining \_ on input line 43.
)
(/nix/store/bzxs6pkiwwpbp215w3lbdl24z9j6cmlp-texlive-combined-full-2021-final/s
hare/texmf/tex/latex/carlito/carlito.sty
Package: carlito 2014/08/20 (Bob Tennent) Supports Carlito fonts for LaTeX, pdf
LaTeX, luaLaTeX and xeLaTeX.

(/nix/store/bzxs6pkiwwpbp215w3lbdl24z9j6cmlp-texlive-combined-full-2021-final/s
hare/texmf/tex/generic/iftex/ifxetex.sty
Package: ifxetex 2019/10/25 v0.7 ifxetex legacy package. Use iftex instead.
)
(/nix/store/bzxs6pkiwwpbp215w3lbdl24z9j6cmlp-texlive-combined-full-2021-final/s
hare/texmf/tex/latex/fontspec/fontspec.sty
(/nix/store/bzxs6pkiwwpbp215w3lbdl24z9j6cmlp-texlive-combined-full-2021-final/s
hare/texmf/tex/latex/l3packages/xparse/xparse.sty
Package: xparse 2022-01-12 L3 Experimental document command parser
)
Package: fontspec 2022/01/15 v2.8a Font selection for XeLaTeX and LuaLaTeX
Lua module: fontspec 2022/01/15 2.8a Font selection for XeLaTeX and LuaLaTeX
(/nix/store/bzxs6pkiwwpbp215w3lbdl24z9j6cmlp-texlive-combined-full-2021-final/s
hare/texmf/tex/latex/fontspec/fontspec-luatex.sty
Package: fontspec-luatex 2022/01/15 v2.8a Font selection for XeLaTeX and LuaLaT
eX
\l__fontspec_script_int=\count294
\l__fontspec_language_int=\count295
\l__fontspec_strnum_int=\count296
\l__fontspec_tmp_int=\count297
\l__fontspec_tmpa_int=\count298
\l__fontspec_tmpb_int=\count299
\l__fontspec_tmpc_int=\count300
\l__fontspec_em_int=\count301
\l__fontspec_emdef_int=\count302
\l__fontspec_strong_int=\count303
\l__fontspec_strongdef_int=\count304
\l__fontspec_tmpa_dim=\dimen164
\l__fontspec_tmpb_dim=\dimen165
\l__fontspec_tmpc_dim=\dimen166

(/nix/store/bzxs6pkiwwpbp215w3lbdl24z9j6cmlp-texlive-combined-full-2021-final/s
hare/texmf/tex/latex/base/fontenc.sty
Package: fontenc 2021/04/29 v2.0v Standard LaTeX package
)
(/nix/store/bzxs6pkiwwpbp215w3lbdl24z9j6cmlp-texlive-combined-full-2021-final/s
hare/texmf/tex/latex/fontspec/fontspec.cfg)))
luaotfload | aux : font no 22 (nil) does not define feature smcp for script latn
 with language dflt
luaotfload | aux : font no 23 (nil) does not define feature smcp for script latn
 with language dflt
luaotfload | aux : font no 24 (nil) does not define feature smcp for script latn
 with language dflt
luaotfload | aux : font no 25 (nil) does not define feature smcp for script latn
 with language dflt

Package fontspec Info: Font family 'Carlito(0)' created for font 'Carlito'
(fontspec)             with options [Ligatures = TeX,Scale = 1,Extension =
(fontspec)             .ttf,Ligatures=TeX,Numbers =
(fontspec)             {OldStyle,Proportional},UprightFont =
(fontspec)             *-Regular,ItalicFont = *-Italic,BoldFont =
(fontspec)             *-Bold,BoldItalicFont = *-BoldItalic].
(fontspec)              
(fontspec)              This font family consists of the following NFSS
(fontspec)             series/shapes:
(fontspec)              
(fontspec)             - 'normal' (m/n) with NFSS spec.:
(fontspec)             <->s*[1]"[Carlito-Regular.ttf]:mode=node;script=latn;lan
guage=dflt;+tlig;+onum;+pnum;"
(fontspec)             - 'small caps'  (m/sc) with NFSS spec.: 
(fontspec)             - 'bold' (b/n) with NFSS spec.:
(fontspec)             <->s*[1]"[Carlito-Bold.ttf]:mode=node;script=latn;langua
ge=dflt;+tlig;+onum;+pnum;"
(fontspec)             - 'bold small caps'  (b/sc) with NFSS spec.: 
(fontspec)             - 'italic' (m/it) with NFSS spec.:
(fontspec)             <->s*[1]"[Carlito-Italic.ttf]:mode=node;script=latn;lang
uage=dflt;+tlig;+onum;+pnum;"
(fontspec)             - 'italic small caps'  (m/scit) with NFSS spec.: 
(fontspec)             - 'bold italic' (b/it) with NFSS spec.:
(fontspec)             <->s*[1]"[Carlito-BoldItalic.ttf]:mode=node;script=latn;
language=dflt;+tlig;+onum;+pnum;"
(fontspec)             - 'bold italic small caps'  (b/scit) with NFSS spec.: 

luaotfload | aux : font no 22 (nil) does not define feature smcp for script latn
 with language dflt
luaotfload | aux : font no 23 (nil) does not define feature smcp for script latn
 with language dflt
luaotfload | aux : font no 24 (nil) does not define feature smcp for script latn
 with language dflt
luaotfload | aux : font no 25 (nil) does not define feature smcp for script latn
 with language dflt

Package fontspec Info: Font family 'Carlito(1)' created for font 'Carlito'
(fontspec)             with options [Ligatures = TeX,Scale = 1,Extension =
(fontspec)             .ttf,Numbers = {OldStyle,Proportional},UprightFont =
(fontspec)             *-Regular,ItalicFont = *-Italic,BoldFont =
(fontspec)             *-Bold,BoldItalicFont = *-BoldItalic].
(fontspec)              
(fontspec)              This font family consists of the following NFSS
(fontspec)             series/shapes:
(fontspec)              
(fontspec)             - 'normal' (m/n) with NFSS spec.:
(fontspec)             <->s*[1]"[Carlito-Regular.ttf]:mode=node;script=latn;lan
guage=dflt;+tlig;+onum;+pnum;"
(fontspec)             - 'small caps'  (m/sc) with NFSS spec.: 
(fontspec)             - 'bold' (b/n) with NFSS spec.:
(fontspec)             <->s*[1]"[Carlito-Bold.ttf]:mode=node;script=latn;langua
ge=dflt;+tlig;+onum;+pnum;"
(fontspec)             - 'bold small caps'  (b/sc) with NFSS spec.: 
(fontspec)             - 'italic' (m/it) with NFSS spec.:
(fontspec)             <->s*[1]"[Carlito-Italic.ttf]:mode=node;script=latn;lang
uage=dflt;+tlig;+onum;+pnum;"
(fontspec)             - 'italic small caps'  (m/scit) with NFSS spec.: 
(fontspec)             - 'bold italic' (b/it) with NFSS spec.:
(fontspec)             <->s*[1]"[Carlito-BoldItalic.ttf]:mode=node;script=latn;
language=dflt;+tlig;+onum;+pnum;"
(fontspec)             - 'bold italic small caps'  (b/scit) with NFSS spec.: 

luaotfload | aux : font no 22 (nil) does not define feature smcp for script latn
 with language dflt
luaotfload | aux : font no 23 (nil) does not define feature smcp for script latn
 with language dflt
luaotfload | aux : font no 24 (nil) does not define feature smcp for script latn
 with language dflt
luaotfload | aux : font no 25 (nil) does not define feature smcp for script latn
 with language dflt

Package fontspec Info: Font family 'Carlito(2)' created for font 'Carlito'
(fontspec)             with options [Ligatures = TeX,Scale = 1,Extension =
(fontspec)             .ttf,Numbers = {Proportional,OldStyle},UprightFont =
(fontspec)             *-Regular,ItalicFont = *-Italic,BoldFont =
(fontspec)             *-Bold,BoldItalicFont = *-BoldItalic].
(fontspec)              
(fontspec)              This font family consists of the following NFSS
(fontspec)             series/shapes:
(fontspec)              
(fontspec)             - 'normal' (m/n) with NFSS spec.:
(fontspec)             <->s*[1]"[Carlito-Regular.ttf]:mode=node;script=latn;lan
guage=dflt;+tlig;+pnum;+onum;"
(fontspec)             - 'small caps'  (m/sc) with NFSS spec.: 
(fontspec)             - 'bold' (b/n) with NFSS spec.:
(fontspec)             <->s*[1]"[Carlito-Bold.ttf]:mode=node;script=latn;langua
ge=dflt;+tlig;+pnum;+onum;"
(fontspec)             - 'bold small caps'  (b/sc) with NFSS spec.: 
(fontspec)             - 'italic' (m/it) with NFSS spec.:
(fontspec)             <->s*[1]"[Carlito-Italic.ttf]:mode=node;script=latn;lang
uage=dflt;+tlig;+pnum;+onum;"
(fontspec)             - 'italic small caps'  (m/scit) with NFSS spec.: 
(fontspec)             - 'bold italic' (b/it) with NFSS spec.:
(fontspec)             <->s*[1]"[Carlito-BoldItalic.ttf]:mode=node;script=latn;
language=dflt;+tlig;+pnum;+onum;"
(fontspec)             - 'bold italic small caps'  (b/scit) with NFSS spec.: 

luaotfload | aux : font no 22 (nil) does not define feature smcp for script latn
 with language dflt
luaotfload | aux : font no 23 (nil) does not define feature smcp for script latn
 with language dflt
luaotfload | aux : font no 24 (nil) does not define feature smcp for script latn
 with language dflt
luaotfload | aux : font no 25 (nil) does not define feature smcp for script latn
 with language dflt

Package fontspec Info: Font family 'Carlito(3)' created for font 'Carlito'
(fontspec)             with options [Ligatures = TeX,Scale = 1,Extension =
(fontspec)             .ttf,Numbers = {Proportional,Lining},UprightFont =
(fontspec)             *-Regular,ItalicFont = *-Italic,BoldFont =
(fontspec)             *-Bold,BoldItalicFont = *-BoldItalic].
(fontspec)              
(fontspec)              This font family consists of the following NFSS
(fontspec)             series/shapes:
(fontspec)              
(fontspec)             - 'normal' (m/n) with NFSS spec.:
(fontspec)             <->s*[1]"[Carlito-Regular.ttf]:mode=node;script=latn;lan
guage=dflt;+tlig;+pnum;+lnum;"
(fontspec)             - 'small caps'  (m/sc) with NFSS spec.: 
(fontspec)             - 'bold' (b/n) with NFSS spec.:
(fontspec)             <->s*[1]"[Carlito-Bold.ttf]:mode=node;script=latn;langua
ge=dflt;+tlig;+pnum;+lnum;"
(fontspec)             - 'bold small caps'  (b/sc) with NFSS spec.: 
(fontspec)             - 'italic' (m/it) with NFSS spec.:
(fontspec)             <->s*[1]"[Carlito-Italic.ttf]:mode=node;script=latn;lang
uage=dflt;+tlig;+pnum;+lnum;"
(fontspec)             - 'italic small caps'  (m/scit) with NFSS spec.: 
(fontspec)             - 'bold italic' (b/it) with NFSS spec.:
(fontspec)             <->s*[1]"[Carlito-BoldItalic.ttf]:mode=node;script=latn;
language=dflt;+tlig;+pnum;+lnum;"
(fontspec)             - 'bold italic small caps'  (b/scit) with NFSS spec.: 

luaotfload | aux : font no 22 (nil) does not define feature smcp for script latn
 with language dflt
luaotfload | aux : font no 23 (nil) does not define feature smcp for script latn
 with language dflt
luaotfload | aux : font no 24 (nil) does not define feature smcp for script latn
 with language dflt
luaotfload | aux : font no 25 (nil) does not define feature smcp for script latn
 with language dflt

Package fontspec Info: Font family 'Carlito(4)' created for font 'Carlito'
(fontspec)             with options [Ligatures = TeX,Scale = 1,Extension =
(fontspec)             .ttf,Numbers = {Monospaced, Lining},UprightFont =
(fontspec)             *-Regular,ItalicFont = *-Italic,BoldFont =
(fontspec)             *-Bold,BoldItalicFont = *-BoldItalic].
(fontspec)              
(fontspec)              This font family consists of the following NFSS
(fontspec)             series/shapes:
(fontspec)              
(fontspec)             - 'normal' (m/n) with NFSS spec.:
(fontspec)             <->s*[1]"[Carlito-Regular.ttf]:mode=node;script=latn;lan
guage=dflt;+tlig;+tnum;+lnum;"
(fontspec)             - 'small caps'  (m/sc) with NFSS spec.: 
(fontspec)             - 'bold' (b/n) with NFSS spec.:
(fontspec)             <->s*[1]"[Carlito-Bold.ttf]:mode=node;script=latn;langua
ge=dflt;+tlig;+tnum;+lnum;"
(fontspec)             - 'bold small caps'  (b/sc) with NFSS spec.: 
(fontspec)             - 'italic' (m/it) with NFSS spec.:
(fontspec)             <->s*[1]"[Carlito-Italic.ttf]:mode=node;script=latn;lang
uage=dflt;+tlig;+tnum;+lnum;"
(fontspec)             - 'italic small caps'  (m/scit) with NFSS spec.: 
(fontspec)             - 'bold italic' (b/it) with NFSS spec.:
(fontspec)             <->s*[1]"[Carlito-BoldItalic.ttf]:mode=node;script=latn;
language=dflt;+tlig;+tnum;+lnum;"
(fontspec)             - 'bold italic small caps'  (b/scit) with NFSS spec.: 

luaotfload | aux : font no 22 (nil) does not define feature smcp for script latn
 with language dflt
luaotfload | aux : font no 23 (nil) does not define feature smcp for script latn
 with language dflt
luaotfload | aux : font no 24 (nil) does not define feature smcp for script latn
 with language dflt
luaotfload | aux : font no 25 (nil) does not define feature smcp for script latn
 with language dflt

Package fontspec Info: Font family 'Carlito(5)' created for font 'Carlito'
(fontspec)             with options [Ligatures = TeX,Scale = 1,Extension =
(fontspec)             .ttf,Numbers = {Monospaced, OldStyle},UprightFont =
(fontspec)             *-Regular,ItalicFont = *-Italic,BoldFont =
(fontspec)             *-Bold,BoldItalicFont = *-BoldItalic].
(fontspec)              
(fontspec)              This font family consists of the following NFSS
(fontspec)             series/shapes:
(fontspec)              
(fontspec)             - 'normal' (m/n) with NFSS spec.:
(fontspec)             <->s*[1]"[Carlito-Regular.ttf]:mode=node;script=latn;lan
guage=dflt;+tlig;+tnum;+onum;"
(fontspec)             - 'small caps'  (m/sc) with NFSS spec.: 
(fontspec)             - 'bold' (b/n) with NFSS spec.:
(fontspec)             <->s*[1]"[Carlito-Bold.ttf]:mode=node;script=latn;langua
ge=dflt;+tlig;+tnum;+onum;"
(fontspec)             - 'bold small caps'  (b/sc) with NFSS spec.: 
(fontspec)             - 'italic' (m/it) with NFSS spec.:
(fontspec)             <->s*[1]"[Carlito-Italic.ttf]:mode=node;script=latn;lang
uage=dflt;+tlig;+tnum;+onum;"
(fontspec)             - 'italic small caps'  (m/scit) with NFSS spec.: 
(fontspec)             - 'bold italic' (b/it) with NFSS spec.:
(fontspec)             <->s*[1]"[Carlito-BoldItalic.ttf]:mode=node;script=latn;
language=dflt;+tlig;+tnum;+onum;"
(fontspec)             - 'bold italic small caps'  (b/scit) with NFSS spec.: 

)
(/nix/store/bzxs6pkiwwpbp215w3lbdl24z9j6cmlp-texlive-combined-full-2021-final/s
hare/texmf/tex/latex/xcolor/xcolor.sty
Package: xcolor 2021/10/31 v2.13 LaTeX color extensions (UK)

(/nix/store/bzxs6pkiwwpbp215w3lbdl24z9j6cmlp-texlive-combined-full-2021-final/s
hare/texmf/tex/latex/graphics-cfg/color.cfg
File: color.cfg 2016/01/02 v1.6 sample color configuration
)
Package xcolor Info: Driver file: luatex.def on input line 227.

(/nix/store/bzxs6pkiwwpbp215w3lbdl24z9j6cmlp-texlive-combined-full-2021-final/s
hare/texmf/tex/latex/graphics-def/luatex.def
File: luatex.def 2021/06/01 v1.2c Graphics/color driver for luatex
)
Package xcolor Info: Model `cmy' substituted by `cmy0' on input line 1352.
Package xcolor Info: Model `hsb' substituted by `rgb' on input line 1356.
Package xcolor Info: Model `RGB' extended on input line 1368.
Package xcolor Info: Model `HTML' substituted by `rgb' on input line 1370.
Package xcolor Info: Model `Hsb' substituted by `hsb' on input line 1371.
Package xcolor Info: Model `tHsb' substituted by `hsb' on input line 1372.
Package xcolor Info: Model `HSB' substituted by `hsb' on input line 1373.
Package xcolor Info: Model `Gray' substituted by `gray' on input line 1374.
Package xcolor Info: Model `wave' substituted by `hsb' on input line 1375.
)
(/nix/store/bzxs6pkiwwpbp215w3lbdl24z9j6cmlp-texlive-combined-full-2021-final/s
hare/texmf/tex/latex/hyperref/hyperref.sty
Package: hyperref 2022-02-21 v7.00n Hypertext links for LaTeX

(/nix/store/bzxs6pkiwwpbp215w3lbdl24z9j6cmlp-texlive-combined-full-2021-final/s
hare/texmf/tex/generic/kvdefinekeys/kvdefinekeys.sty
Package: kvdefinekeys 2019-12-19 v1.6 Define keys (HO)
)
(/nix/store/bzxs6pkiwwpbp215w3lbdl24z9j6cmlp-texlive-combined-full-2021-final/s
hare/texmf/tex/generic/pdfescape/pdfescape.sty
Package: pdfescape 2019/12/09 v1.15 Implements pdfTeX's escape features (HO)
)
(/nix/store/bzxs6pkiwwpbp215w3lbdl24z9j6cmlp-texlive-combined-full-2021-final/s
hare/texmf/tex/latex/hycolor/hycolor.sty
Package: hycolor 2020-01-27 v1.10 Color options for hyperref/bookmark (HO)
)
(/nix/store/bzxs6pkiwwpbp215w3lbdl24z9j6cmlp-texlive-combined-full-2021-final/s
hare/texmf/tex/latex/letltxmacro/letltxmacro.sty
Package: letltxmacro 2019/12/03 v1.6 Let assignment for LaTeX macros (HO)
)
(/nix/store/bzxs6pkiwwpbp215w3lbdl24z9j6cmlp-texlive-combined-full-2021-final/s
hare/texmf/tex/latex/auxhook/auxhook.sty
Package: auxhook 2019-12-17 v1.6 Hooks for auxiliary files (HO)
)
\@linkdim=\dimen167
\Hy@linkcounter=\count305
\Hy@pagecounter=\count306

(/nix/store/bzxs6pkiwwpbp215w3lbdl24z9j6cmlp-texlive-combined-full-2021-final/s
hare/texmf/tex/latex/hyperref/pd1enc.def
File: pd1enc.def 2022-02-21 v7.00n Hyperref: PDFDocEncoding definition (HO)
)
(/nix/store/bzxs6pkiwwpbp215w3lbdl24z9j6cmlp-texlive-combined-full-2021-final/s
hare/texmf/tex/generic/intcalc/intcalc.sty
Package: intcalc 2019/12/15 v1.3 Expandable calculations with integers (HO)
)
\Hy@SavedSpaceFactor=\count307

(/nix/store/bzxs6pkiwwpbp215w3lbdl24z9j6cmlp-texlive-combined-full-2021-final/s
hare/texmf/tex/latex/hyperref/puenc.def
File: puenc.def 2022-02-21 v7.00n Hyperref: PDF Unicode definition (HO)
)
Package hyperref Info: Option `unicode' set `true' on input line 3128.
Package hyperref Info: Hyper figures OFF on input line 4137.
Package hyperref Info: Link nesting OFF on input line 4142.
Package hyperref Info: Hyper index ON on input line 4145.
Package hyperref Info: Plain pages OFF on input line 4152.
Package hyperref Info: Backreferencing OFF on input line 4157.
Package hyperref Info: Implicit mode ON; LaTeX internals redefined.
Package hyperref Info: Bookmarks ON on input line 4390.
\c@Hy@tempcnt=\count308

(/nix/store/bzxs6pkiwwpbp215w3lbdl24z9j6cmlp-texlive-combined-full-2021-final/s
hare/texmf/tex/latex/url/url.sty
\Urlmuskip=\muskip16
Package: url 2013/09/16  ver 3.4  Verb mode for urls, etc.
)
LaTeX Info: Redefining \url on input line 4749.
\XeTeXLinkMargin=\dimen168

(/nix/store/bzxs6pkiwwpbp215w3lbdl24z9j6cmlp-texlive-combined-full-2021-final/s
hare/texmf/tex/generic/bitset/bitset.sty
Package: bitset 2019/12/09 v1.3 Handle bit-vector datatype (HO)

(/nix/store/bzxs6pkiwwpbp215w3lbdl24z9j6cmlp-texlive-combined-full-2021-final/s
hare/texmf/tex/generic/bigintcalc/bigintcalc.sty
Package: bigintcalc 2019/12/15 v1.5 Expandable calculations on big integers (HO
)
))
\Fld@menulength=\count309
\Field@Width=\dimen169
\Fld@charsize=\dimen170
Package hyperref Info: Hyper figures OFF on input line 6027.
Package hyperref Info: Link nesting OFF on input line 6032.
Package hyperref Info: Hyper index ON on input line 6035.
Package hyperref Info: backreferencing OFF on input line 6042.
Package hyperref Info: Link coloring OFF on input line 6047.
Package hyperref Info: Link coloring with OCG OFF on input line 6052.
Package hyperref Info: PDF/A mode OFF on input line 6057.
LaTeX Info: Redefining \ref on input line 6097.
LaTeX Info: Redefining \pageref on input line 6101.

(/nix/store/bzxs6pkiwwpbp215w3lbdl24z9j6cmlp-texlive-combined-full-2021-final/s
hare/texmf/tex/latex/base/atbegshi-ltx.sty
Package: atbegshi-ltx 2021/01/10 v1.0c Emulation of the original atbegshi
package with kernel methods
)
\Hy@abspage=\count310
\c@Item=\count311
\c@Hfootnote=\count312
)
Package hyperref Info: Driver (autodetected): hluatex.

(/nix/store/bzxs6pkiwwpbp215w3lbdl24z9j6cmlp-texlive-combined-full-2021-final/s
hare/texmf/tex/latex/hyperref/hluatex.def
File: hluatex.def 2022-02-21 v7.00n Hyperref driver for luaTeX

(/nix/store/bzxs6pkiwwpbp215w3lbdl24z9j6cmlp-texlive-combined-full-2021-final/s
hare/texmf/tex/generic/stringenc/stringenc.sty
Package: stringenc 2019/11/29 v1.12 Convert strings between diff. encodings (HO
)
)
(/nix/store/bzxs6pkiwwpbp215w3lbdl24z9j6cmlp-texlive-combined-full-2021-final/s
hare/texmf/tex/latex/base/atveryend-ltx.sty
Package: atveryend-ltx 2020/08/19 v1.0a Emulation of the original atveryend pac
kage
with kernel methods
)
\Fld@listcount=\count313
\c@bookmark@seq@number=\count314

(/nix/store/bzxs6pkiwwpbp215w3lbdl24z9j6cmlp-texlive-combined-full-2021-final/s
hare/texmf/tex/latex/rerunfilecheck/rerunfilecheck.sty
Package: rerunfilecheck 2019/12/05 v1.9 Rerun checks for auxiliary files (HO)

(/nix/store/bzxs6pkiwwpbp215w3lbdl24z9j6cmlp-texlive-combined-full-2021-final/s
hare/texmf/tex/generic/uniquecounter/uniquecounter.sty
Package: uniquecounter 2019/12/15 v1.4 Provide unlimited unique counter (HO)
)
Package uniquecounter Info: New unique counter `rerunfilecheck' on input line 2
86.
)
\Hy@SectionHShift=\skip54
)
(/nix/store/bzxs6pkiwwpbp215w3lbdl24z9j6cmlp-texlive-combined-full-2021-final/s
hare/texmf/tex/latex/graphics/graphicx.sty
Package: graphicx 2021/09/16 v1.2d Enhanced LaTeX Graphics (DPC,SPQR)

(/nix/store/bzxs6pkiwwpbp215w3lbdl24z9j6cmlp-texlive-combined-full-2021-final/s
hare/texmf/tex/latex/graphics/graphics.sty
Package: graphics 2021/03/04 v1.4d Standard LaTeX Graphics (DPC,SPQR)

(/nix/store/bzxs6pkiwwpbp215w3lbdl24z9j6cmlp-texlive-combined-full-2021-final/s
hare/texmf/tex/latex/graphics/trig.sty
Package: trig 2021/08/11 v1.11 sin cos tan (DPC)
)
(/nix/store/bzxs6pkiwwpbp215w3lbdl24z9j6cmlp-texlive-combined-full-2021-final/s
hare/texmf/tex/latex/graphics-cfg/graphics.cfg
File: graphics.cfg 2016/06/04 v1.11 sample graphics configuration
)
Package graphics Info: Driver file: luatex.def on input line 107.
)
\Gin@req@height=\dimen171
\Gin@req@width=\dimen172
)
runsystem(which pygmentize && touch lab.aex)...executed
runsystem(rm lab.aex)...executed
LaTeX Font Info:    Font shape `TU/Carlito(0)/m/n' will be
(Font)              scaled to size 11.0pt on input line 55.
 (./lab.aux)
\openout1 = lab.aux

LaTeX Font Info:    Checking defaults for OML/cmm/m/it on input line 55.
LaTeX Font Info:    ... okay on input line 55.
LaTeX Font Info:    Checking defaults for OMS/cmsy/m/n on input line 55.
LaTeX Font Info:    ... okay on input line 55.
LaTeX Font Info:    Checking defaults for OT1/cmr/m/n on input line 55.
LaTeX Font Info:    ... okay on input line 55.
LaTeX Font Info:    Checking defaults for T1/cmr/m/n on input line 55.
LaTeX Font Info:    ... okay on input line 55.
LaTeX Font Info:    Checking defaults for TS1/cmr/m/n on input line 55.
LaTeX Font Info:    Trying to load font information for TS1+cmr on input line 5
5.

(/nix/store/bzxs6pkiwwpbp215w3lbdl24z9j6cmlp-texlive-combined-full-2021-final/s
hare/texmf/tex/latex/base/ts1cmr.fd
File: ts1cmr.fd 2019/12/16 v2.5j Standard LaTeX font definitions
)
LaTeX Font Info:    ... okay on input line 55.
LaTeX Font Info:    Checking defaults for TU/lmr/m/n on input line 55.
LaTeX Font Info:    ... okay on input line 55.
LaTeX Font Info:    Checking defaults for OMX/cmex/m/n on input line 55.
LaTeX Font Info:    ... okay on input line 55.
LaTeX Font Info:    Checking defaults for U/cmr/m/n on input line 55.
LaTeX Font Info:    ... okay on input line 55.
LaTeX Font Info:    Checking defaults for T2A/cmr/m/n on input line 55.
LaTeX Font Info:    ... okay on input line 55.
LaTeX Font Info:    Checking defaults for PD1/pdf/m/n on input line 55.
LaTeX Font Info:    ... okay on input line 55.
LaTeX Font Info:    Checking defaults for PU/pdf/m/n on input line 55.
LaTeX Font Info:    ... okay on input line 55.

*geometry* driver: auto-detecting
*geometry* detected driver: luatex
*geometry* verbose mode - [ preamble ] result:
* driver: luatex
* paper: a4paper
* layout: <same size as paper>
* layoutoffset:(h,v)=(0.0pt,0.0pt)
* modes: 
* h-part:(L,W,R)=(63.87643pt, 469.75499pt, 63.87645pt)
* v-part:(T,H,B)=(77.84674pt, 650.43pt, 116.77011pt)
* \paperwidth=597.50787pt
* \paperheight=845.04684pt
* \textwidth=469.75499pt
* \textheight=650.43pt
* \oddsidemargin=-8.39355pt
* \evensidemargin=-8.39355pt
* \topmargin=-31.42325pt
* \headheight=12.0pt
* \headsep=25.0pt
* \topskip=10.0pt
* \footskip=30.0pt
* \marginparwidth=65.0pt
* \marginparsep=11.0pt
* \columnsep=10.0pt
* \skip\footins=11.25pt plus 4.99947pt minus 2.50053pt
* \hoffset=0.0pt
* \voffset=0.0pt
* \mag=1000
* \@twocolumnfalse
* \@twosidefalse
* \@mparswitchfalse
* \@reversemarginfalse
* (1in=72.27pt=25.4mm, 1cm=28.453pt)

LaTeX Info: Redefining \th on input line 55.

Package fontspec Info: Adjusting the maths setup (use [no-math] to avoid
(fontspec)             this).

\symlegacymaths=\mathgroup4
LaTeX Font Info:    Overwriting symbol font `legacymaths' in version `bold'
(Font)                  OT1/cmr/m/n --> OT1/cmr/bx/n on input line 55.
LaTeX Font Info:    Redeclaring math accent \acute on input line 55.
LaTeX Font Info:    Redeclaring math accent \grave on input line 55.
LaTeX Font Info:    Redeclaring math accent \ddot on input line 55.
LaTeX Font Info:    Redeclaring math accent \tilde on input line 55.
LaTeX Font Info:    Redeclaring math accent \bar on input line 55.
LaTeX Font Info:    Redeclaring math accent \breve on input line 55.
LaTeX Font Info:    Redeclaring math accent \check on input line 55.
LaTeX Font Info:    Redeclaring math accent \hat on input line 55.
LaTeX Font Info:    Redeclaring math accent \dot on input line 55.
LaTeX Font Info:    Redeclaring math accent \mathring on input line 55.
LaTeX Font Info:    Redeclaring math symbol \colon on input line 55.
LaTeX Font Info:    Redeclaring math symbol \Gamma on input line 55.
LaTeX Font Info:    Redeclaring math symbol \Delta on input line 55.
LaTeX Font Info:    Redeclaring math symbol \Theta on input line 55.
LaTeX Font Info:    Redeclaring math symbol \Lambda on input line 55.
LaTeX Font Info:    Redeclaring math symbol \Xi on input line 55.
LaTeX Font Info:    Redeclaring math symbol \Pi on input line 55.
LaTeX Font Info:    Redeclaring math symbol \Sigma on input line 55.
LaTeX Font Info:    Redeclaring math symbol \Upsilon on input line 55.
LaTeX Font Info:    Redeclaring math symbol \Phi on input line 55.
LaTeX Font Info:    Redeclaring math symbol \Psi on input line 55.
LaTeX Font Info:    Redeclaring math symbol \Omega on input line 55.
LaTeX Font Info:    Redeclaring math symbol \mathdollar on input line 55.
LaTeX Font Info:    Redeclaring symbol font `operators' on input line 55.
LaTeX Font Info:    Encoding `OT1' has changed to `TU' for symbol font
(Font)              `operators' in the math version `normal' on input line 55.
LaTeX Font Info:    Overwriting symbol font `operators' in version `normal'
(Font)                  OT1/cmr/m/n --> TU/lmr/m/n on input line 55.
LaTeX Font Info:    Encoding `OT1' has changed to `TU' for symbol font
(Font)              `operators' in the math version `bold' on input line 55.
LaTeX Font Info:    Overwriting symbol font `operators' in version `bold'
(Font)                  OT1/cmr/bx/n --> TU/lmr/m/n on input line 55.
LaTeX Font Info:    Overwriting symbol font `operators' in version `normal'
(Font)                  TU/lmr/m/n --> TU/lmr/m/n on input line 55.
LaTeX Font Info:    Overwriting math alphabet `\mathit' in version `normal'
(Font)                  OT1/cmr/m/it --> TU/lmr/m/it on input line 55.
LaTeX Font Info:    Overwriting math alphabet `\mathbf' in version `normal'
(Font)                  OT1/cmr/bx/n --> TU/lmr/b/n on input line 55.
LaTeX Font Info:    Overwriting math alphabet `\mathsf' in version `normal'
(Font)                  OT1/cmss/m/n --> TU/Carlito(0)/m/n on input line 55.
LaTeX Font Info:    Overwriting math alphabet `\mathtt' in version `normal'
(Font)                  OT1/cmtt/m/n --> TU/lmtt/m/n on input line 55.
LaTeX Font Info:    Overwriting symbol font `operators' in version `bold'
(Font)                  TU/lmr/m/n --> TU/lmr/b/n on input line 55.
LaTeX Font Info:    Overwriting math alphabet `\mathit' in version `bold'
(Font)                  OT1/cmr/bx/it --> TU/lmr/b/it on input line 55.
LaTeX Font Info:    Overwriting math alphabet `\mathsf' in version `bold'
(Font)                  OT1/cmss/bx/n --> TU/Carlito(0)/b/n on input line 55.
LaTeX Font Info:    Overwriting math alphabet `\mathtt' in version `bold'
(Font)                  OT1/cmtt/m/n --> TU/lmtt/b/n on input line 55.

(/nix/store/bzxs6pkiwwpbp215w3lbdl24z9j6cmlp-texlive-combined-full-2021-final/s
hare/texmf/tex/context/base/mkii/supp-pdf.mkii
[Loading MPS to PDF converter (version 2006.09.02).]
\scratchcounter=\count315
\scratchdimen=\dimen173
\scratchbox=\box60
\nofMPsegments=\count316
\nofMParguments=\count317
\everyMPshowfont=\toks27
\MPscratchCnt=\count318
\MPscratchDim=\dimen174
\MPnumerator=\count319
\makeMPintoPDFobject=\count320
\everyMPtoPDFconversion=\toks28
)
(/nix/store/bzxs6pkiwwpbp215w3lbdl24z9j6cmlp-texlive-combined-full-2021-final/s
hare/texmf/tex/latex/epstopdf-pkg/epstopdf-base.sty
Package: epstopdf-base 2020-01-24 v2.11 Base part for package epstopdf
Package epstopdf-base Info: Redefining graphics rule for `.eps' on input line 4
85.

(/nix/store/bzxs6pkiwwpbp215w3lbdl24z9j6cmlp-texlive-combined-full-2021-final/s
hare/texmf/tex/latex/latexconfig/epstopdf-sys.cfg
File: epstopdf-sys.cfg 2010/07/13 v1.3 Configuration of (r)epstopdf for TeX Liv
e
))
Package hyperref Info: Link coloring OFF on input line 55.

(/nix/store/bzxs6pkiwwpbp215w3lbdl24z9j6cmlp-texlive-combined-full-2021-final/s
hare/texmf/tex/latex/hyperref/nameref.sty
Package: nameref 2021-04-02 v2.47 Cross-referencing by name of section

(/nix/store/bzxs6pkiwwpbp215w3lbdl24z9j6cmlp-texlive-combined-full-2021-final/s
hare/texmf/tex/latex/refcount/refcount.sty
Package: refcount 2019/12/15 v3.6 Data extraction from label references (HO)
)
(/nix/store/bzxs6pkiwwpbp215w3lbdl24z9j6cmlp-texlive-combined-full-2021-final/s
hare/texmf/tex/generic/gettitlestring/gettitlestring.sty
Package: gettitlestring 2019/12/15 v1.6 Cleanup title references (HO)
)
\c@section@level=\count321
)
LaTeX Info: Redefining \ref on input line 55.
LaTeX Info: Redefining \pageref on input line 55.
LaTeX Info: Redefining \nameref on input line 55.
 (./lab.out)
(./lab.out)
\@outlinefile=\write5

\openout5 = lab.out
LaTeX Font Info:    Font shape `TU/Carlito(0)/m/n' will be
(Font)              scaled to size 15.84003pt on input line 60.
LaTeX Font Info:    Font shape `TU/Carlito(0)/b/n' will be
(Font)              scaled to size 15.84003pt on input line 60.
LaTeX Font Info:    Font shape `TU/Carlito(0)/m/n' will be
(Font)              scaled to size 13.19997pt on input line 63.
LaTeX Font Info:    Font shape `TU/Carlito(0)/b/n' will be
(Font)              scaled to size 13.19997pt on input line 63.
LaTeX Font Info:    Calculating math sizes for size <11> on input line 72.


LaTeX Font Warning: Font shape `OML/cmm/m/it' in size <5.5> not available
(Font)              size <5> substituted on input line 72.


LaTeX Font Warning: Font shape `OMS/cmsy/m/n' in size <5.5> not available
(Font)              size <5> substituted on input line 72.

LaTeX Font Info:    External font `cmex10' loaded for size
(Font)              <11> on input line 72.
LaTeX Font Info:    External font `cmex10' loaded for size
(Font)              <7.69997> on input line 72.
LaTeX Font Info:    External font `cmex10' loaded for size
(Font)              <5.5> on input line 72.

LaTeX Font Warning: Font shape `OT1/cmr/m/n' in size <5.5> not available
(Font)              size <5> substituted on input line 72.


Underfull \hbox (badness 10000) in paragraph at lines 78--79

 []

[1

{/nix/store/bzxs6pkiwwpbp215w3lbdl24z9j6cmlp-texlive-combined-full-2021-final/sh
are/texmf-var/fonts/map/pdftex/updmap/pdftex.map}]
LaTeX Font Info:    Font shape `TU/Carlito(0)/b/n' will be
(Font)              scaled to size 11.0pt on input line 88.

Underfull \hbox (badness 10000) in paragraph at lines 87--89

 []


warning  (pdf backend): ignoring duplicate destination with the name 'page.1'
[1] (./lab.aux)

LaTeX Font Warning: Size substitutions with differences
(Font)              up to 0.5pt have occurred.


LaTeX Font Warning: Some font shapes were not available, defaults substituted.

Package rerunfilecheck Info: File `lab.out' has not changed.
(rerunfilecheck)             Checksum: D41D8CD98F00B204E9800998ECF8427E;0.
)

Here is how much of LuaTeX's memory you used:
 18019 strings out of 477800
 100000,953878 words of node,token memory allocated
 464 words of node memory still in use:
   4 hlist, 1 vlist, 1 rule, 5 glue, 3 kern, 1 glyph, 7 attribute, 52 glue_spec,
 5 attribute_list, 1 write nodes
   avail lists: 2:238,3:69,4:27,5:120,6:21,7:967,8:6,9:126,10:4,11:105
 38009 multiletter control sequences out of 65536+600000
 49 fonts using 7774111 bytes
 75i,5n,109p,270b,396s stack positions out of 5000i,500n,10000p,200000b,80000s
</nix/store/7aplrd66k8qy4j674y85qq9adx5hnv6q-texlive-combined-full-2021-final/sh
are/texmf/fonts/truetype/typoland/carlito/Carlito-Regular.ttf></nix/store/7aplrd
66k8qy4j674y85qq9adx5hnv6q-texlive-combined-full-2021-final/share/texmf/fonts/tr
uetype/typoland/carlito/Carlito-Bold.ttf>
Output written on lab.pdf (2 pages, 32743 bytes).

PDF statistics: 32 PDF objects out of 1000 (max. 8388607)
 21 compressed objects within 1 object stream
 2 named destinations out of 1000 (max. 131072)
 1 words of extra memory for PDF output out of 10000 (max. 100000000)

